qwq21-03-2016 23:57:57
HTTP_USER_AGENT = Mozilla/5.0 (Windows NT 10.0; WOW64) AppleWebKit/537.36 (KHTML, like Gecko) Chrome/49.0.2623.87 Safari/537.36
HTTP_USER_AGENT = http://s-turbo.by/product/marka31/model46/year48/450.html
product_url = /product/marka31/model46/year48/450.html
cart_model_info =   AUDI 80 (B2) 07.1984-08.1986


21-03-2016 23:59:48
HTTP_USER_AGENT = Mozilla/5.0 (Windows NT 10.0; WOW64) AppleWebKit/537.36 (KHTML, like Gecko) Chrome/49.0.2623.87 Safari/537.36
HTTP_USER_AGENT = http://s-turbo.by/product/marka31/model46/year48/450.html
product_name = СТЕКЛО ПЕРЕДНЕЙ ФАРЫ (ЛЕВОЕ) ASTERA
product_url = /product/marka31/model46/year48/450.html
cart_model_info =   AUDI 80 (B2) 07.1984-08.1986


22-03-2016 00:02:59
HTTP_USER_AGENT = Mozilla/5.0 (Windows NT 10.0; WOW64) AppleWebKit/537.36 (KHTML, like Gecko) Chrome/49.0.2623.87 Safari/537.36
HTTP_USER_AGENT = http://s-turbo.by/product/marka/model/year/11339.html
product_name = РЕСНИЧКИ
product_url = /product/marka-1/model-1/year-1/11339.html
cart_model_info =   AUDI 80 (B2) 07.1984-08.1986


22-03-2016 00:06:54
HTTP_USER_AGENT = Mozilla/5.0 (Windows NT 6.1; WOW64) AppleWebKit/537.36 (KHTML, like Gecko) Chrome/49.0.2623.87 Safari/537.36
HTTP_USER_AGENT = http://s-turbo.by/category4630/type105.html
product_name = НАСАДКА НА ГЛУШИТЕЛЬ 95MM/65MM (ЛЕВАЯ)
product_url = /product/uni/751.html
cart_model_info = УНИВЕРСАЛЬНЫЕ ТОВАРЫ


22-03-2016 00:06:56
HTTP_USER_AGENT = Mozilla/5.0 (Windows NT 6.1; WOW64) AppleWebKit/537.36 (KHTML, like Gecko) Chrome/49.0.2623.87 Safari/537.36
HTTP_USER_AGENT = http://s-turbo.by/category4630/type105.html
product_name = НАСАДКА НА ГЛУШИТЕЛЬ 95MM/65MM (ЛЕВАЯ)
product_url = /product/uni/751.html
cart_model_info = УНИВЕРСАЛЬНЫЕ ТОВАРЫ


22-03-2016 02:42:23
REMOTE_ADDR = 178.120.37.197
HTTP_USER_AGENT = Mozilla/5.0 (Windows NT 6.1; WOW64) AppleWebKit/537.36 (KHTML, like Gecko) Chrome/42.0.2311.250 Amigo/42.0.2311.250 MRCHROME SOC Safari/537.36
HTTP_USER_AGENT = http://s-turbo.by/product/marka88/model2642/year2643/11760.html
product_name = НАКЛАДКА ПЕРЕДНЕГО БАМПЕРА
product_url = /product/marka88/model2642/year2643/11760.html
cart_model_info =   BMW 5 (E28) 1981-1987


